<?xml version="1.0" encoding="UTF-8"?>
<testng-results skipped="0" failed="0" ignored="0" total="1" passed="1">
  <reporter-output>
  </reporter-output>
  <suite name="InetBanking" duration-ms="40976" started-at="2021-06-09T06:04:43Z" finished-at="2021-06-09T06:05:24Z">
    <groups>
    </groups>
    <test name="BankingApplication" duration-ms="40976" started-at="2021-06-09T06:04:43Z" finished-at="2021-06-09T06:05:24Z">
      <class name="com.inetbanking.testCases.TC_AddCustomerTest_003">
        <test-method status="PASS" signature="setup(java.lang.String)[pri:0, instance:com.inetbanking.testCases.TC_AddCustomerTest_003@5f341870]" name="setup" is-config="true" duration-ms="16053" started-at="2021-06-09T06:04:44Z" finished-at="2021-06-09T06:05:00Z">
          <params>
            <param index="0">
              <value>
                <![CDATA[chrome]]>
              </value>
            </param>
          </params>
          <reporter-output>
          </reporter-output>
        </test-method> <!-- setup -->
        <test-method status="PASS" signature="addNewCustomer()[pri:0, instance:com.inetbanking.testCases.TC_AddCustomerTest_003@5f341870]" name="addNewCustomer" duration-ms="23520" started-at="2021-06-09T06:05:00Z" finished-at="2021-06-09T06:05:23Z">
          <reporter-output>
          </reporter-output>
        </test-method> <!-- addNewCustomer -->
        <test-method status="PASS" signature="tearDown()[pri:0, instance:com.inetbanking.testCases.TC_AddCustomerTest_003@5f341870]" name="tearDown" is-config="true" duration-ms="1030" started-at="2021-06-09T06:05:23Z" finished-at="2021-06-09T06:05:24Z">
          <reporter-output>
          </reporter-output>
        </test-method> <!-- tearDown -->
      </class> <!-- com.inetbanking.testCases.TC_AddCustomerTest_003 -->
    </test> <!-- BankingApplication -->
  </suite> <!-- InetBanking -->
</testng-results>
